<?xml version="1.0" encoding="UTF-8"?>
<testng-results skipped="0" failed="1" ignored="0" total="10" passed="9">
  <reporter-output>
  </reporter-output>
  <suite name="Command line suite" duration-ms="1496" started-at="2018-03-17T10:57:54Z" finished-at="2018-03-17T10:57:56Z">
    <groups>
    </groups>
    <test name="Command line test" duration-ms="1496" started-at="2018-03-17T10:57:54Z" finished-at="2018-03-17T10:57:56Z">
      <class name="com.tsyrulik.dmitry.model.dao.impl.UserDAOImplTest">
        <test-method status="PASS" signature="createUser()[pri:0, instance:com.tsyrulik.dmitry.model.dao.impl.UserDAOImplTest@79698539]" name="createUser" duration-ms="4" started-at="2018-03-17T10:57:56Z" finished-at="2018-03-17T10:57:56Z">
          <reporter-output>
          </reporter-output>
        </test-method> <!-- createUser -->
        <test-method status="PASS" signature="setUp()[pri:0, instance:com.tsyrulik.dmitry.model.dao.impl.UserDAOImplTest@79698539]" name="setUp" is-config="true" duration-ms="0" started-at="2018-03-17T10:57:56Z" finished-at="2018-03-17T10:57:56Z">
          <reporter-output>
          </reporter-output>
        </test-method> <!-- setUp -->
        <test-method status="PASS" signature="findUserByWrongUsernameOrPassword()[pri:0, instance:com.tsyrulik.dmitry.model.dao.impl.UserDAOImplTest@79698539]" name="findUserByWrongUsernameOrPassword" duration-ms="2" started-at="2018-03-17T10:57:56Z" finished-at="2018-03-17T10:57:56Z">
          <reporter-output>
          </reporter-output>
        </test-method> <!-- findUserByWrongUsernameOrPassword -->
        <test-method status="PASS" signature="setUp()[pri:0, instance:com.tsyrulik.dmitry.model.dao.impl.UserDAOImplTest@79698539]" name="setUp" is-config="true" duration-ms="0" started-at="2018-03-17T10:57:56Z" finished-at="2018-03-17T10:57:56Z">
          <reporter-output>
          </reporter-output>
        </test-method> <!-- setUp -->
        <test-method status="PASS" signature="updateUserByUser()[pri:0, instance:com.tsyrulik.dmitry.model.dao.impl.UserDAOImplTest@79698539]" name="updateUserByUser" duration-ms="1" started-at="2018-03-17T10:57:56Z" finished-at="2018-03-17T10:57:56Z">
          <reporter-output>
          </reporter-output>
        </test-method> <!-- updateUserByUser -->
        <test-method status="PASS" signature="setUp()[pri:0, instance:com.tsyrulik.dmitry.model.dao.impl.UserDAOImplTest@79698539]" name="setUp" is-config="true" duration-ms="0" started-at="2018-03-17T10:57:56Z" finished-at="2018-03-17T10:57:56Z">
          <reporter-output>
          </reporter-output>
        </test-method> <!-- setUp -->
      </class> <!-- com.tsyrulik.dmitry.model.dao.impl.UserDAOImplTest -->
      <class name="com.tsyrulik.dmitry.model.dao.impl.TrainerDAOImplTest">
        <test-method status="PASS" signature="setUp()[pri:0, instance:com.tsyrulik.dmitry.model.dao.impl.TrainerDAOImplTest@6b2fad11]" name="setUp" is-config="true" duration-ms="1" started-at="2018-03-17T10:57:56Z" finished-at="2018-03-17T10:57:56Z">
          <reporter-output>
          </reporter-output>
        </test-method> <!-- setUp -->
        <test-method status="PASS" signature="createExercisesForClientTest()[pri:0, instance:com.tsyrulik.dmitry.model.dao.impl.TrainerDAOImplTest@6b2fad11]" name="createExercisesForClientTest" duration-ms="5" started-at="2018-03-17T10:57:56Z" finished-at="2018-03-17T10:57:56Z">
          <reporter-output>
          </reporter-output>
        </test-method> <!-- createExercisesForClientTest -->
        <test-method status="PASS" signature="setUp()[pri:0, instance:com.tsyrulik.dmitry.model.dao.impl.TrainerDAOImplTest@6b2fad11]" name="setUp" is-config="true" duration-ms="0" started-at="2018-03-17T10:57:56Z" finished-at="2018-03-17T10:57:56Z">
          <reporter-output>
          </reporter-output>
        </test-method> <!-- setUp -->
        <test-method status="PASS" signature="testDeleteTrainer()[pri:0, instance:com.tsyrulik.dmitry.model.dao.impl.TrainerDAOImplTest@6b2fad11]" name="testDeleteTrainer" duration-ms="23" started-at="2018-03-17T10:57:56Z" finished-at="2018-03-17T10:57:56Z">
          <reporter-output>
          </reporter-output>
        </test-method> <!-- testDeleteTrainer -->
        <test-method status="PASS" signature="setUp()[pri:0, instance:com.tsyrulik.dmitry.model.dao.impl.TrainerDAOImplTest@6b2fad11]" name="setUp" is-config="true" duration-ms="0" started-at="2018-03-17T10:57:56Z" finished-at="2018-03-17T10:57:56Z">
          <reporter-output>
          </reporter-output>
        </test-method> <!-- setUp -->
        <test-method status="PASS" signature="testUpdateTrainer()[pri:0, instance:com.tsyrulik.dmitry.model.dao.impl.TrainerDAOImplTest@6b2fad11]" name="testUpdateTrainer" duration-ms="2" started-at="2018-03-17T10:57:56Z" finished-at="2018-03-17T10:57:56Z">
          <reporter-output>
          </reporter-output>
        </test-method> <!-- testUpdateTrainer -->
      </class> <!-- com.tsyrulik.dmitry.model.dao.impl.TrainerDAOImplTest -->
      <class name="com.tsyrulik.dmitry.model.dao.impl.OrderDAOImplTest">
        <test-method status="PASS" signature="setUp()[pri:0, instance:com.tsyrulik.dmitry.model.dao.impl.OrderDAOImplTest@79b4d0f]" name="setUp" is-config="true" duration-ms="1" started-at="2018-03-17T10:57:56Z" finished-at="2018-03-17T10:57:56Z">
          <reporter-output>
          </reporter-output>
        </test-method> <!-- setUp -->
        <test-method status="FAIL" signature="testCreateDeleteOrder()[pri:0, instance:com.tsyrulik.dmitry.model.dao.impl.OrderDAOImplTest@79b4d0f]" name="testCreateDeleteOrder" duration-ms="7" started-at="2018-03-17T10:57:56Z" finished-at="2018-03-17T10:57:56Z">
          <exception class="com.tsyrulik.dmitry.model.exception.DAOFitnessException">
            <message>
              <![CDATA[com.mysql.jdbc.exceptions.jdbc4.MySQLSyntaxErrorException: Unknown column 'number_of_lessons' in 'field list']]>
            </message>
            <full-stacktrace>
              <![CDATA[com.tsyrulik.dmitry.model.exception.DAOFitnessException: com.mysql.jdbc.exceptions.jdbc4.MySQLSyntaxErrorException: Unknown column 'number_of_lessons' in 'field list'
at com.tsyrulik.dmitry.model.dao.impl.OrderDAOImpl.createOrder(OrderDAOImpl.java:39)
at com.tsyrulik.dmitry.model.dao.impl.OrderDAOImplTest.testCreateDeleteOrder(OrderDAOImplTest.java:73)
at sun.reflect.NativeMethodAccessorImpl.invoke0(Native Method)
at sun.reflect.NativeMethodAccessorImpl.invoke(NativeMethodAccessorImpl.java:62)
at sun.reflect.DelegatingMethodAccessorImpl.invoke(DelegatingMethodAccessorImpl.java:43)
at java.lang.reflect.Method.invoke(Method.java:497)
at org.testng.internal.MethodInvocationHelper.invokeMethod(MethodInvocationHelper.java:124)
at org.testng.internal.Invoker.invokeMethod(Invoker.java:580)
at org.testng.internal.Invoker.invokeTestMethod(Invoker.java:716)
at org.testng.internal.Invoker.invokeTestMethods(Invoker.java:988)
at org.testng.internal.TestMethodWorker.invokeTestMethods(TestMethodWorker.java:125)
at org.testng.internal.TestMethodWorker.run(TestMethodWorker.java:109)
at org.testng.TestRunner.privateRun(TestRunner.java:648)
at org.testng.TestRunner.run(TestRunner.java:505)
at org.testng.SuiteRunner.runTest(SuiteRunner.java:455)
at org.testng.SuiteRunner.runSequentially(SuiteRunner.java:450)
at org.testng.SuiteRunner.privateRun(SuiteRunner.java:415)
at org.testng.SuiteRunner.run(SuiteRunner.java:364)
at org.testng.SuiteRunnerWorker.runSuite(SuiteRunnerWorker.java:52)
at org.testng.SuiteRunnerWorker.run(SuiteRunnerWorker.java:84)
at org.testng.TestNG.runSuitesSequentially(TestNG.java:1208)
at org.testng.TestNG.runSuitesLocally(TestNG.java:1137)
at org.testng.TestNG.runSuites(TestNG.java:1049)
at org.testng.TestNG.run(TestNG.java:1017)
at org.apache.maven.surefire.testng.TestNGExecutor.run(TestNGExecutor.java:77)
at org.apache.maven.surefire.testng.TestNGDirectoryTestSuite.executeMulti(TestNGDirectoryTestSuite.java:159)
at org.apache.maven.surefire.testng.TestNGDirectoryTestSuite.execute(TestNGDirectoryTestSuite.java:99)
at org.apache.maven.surefire.testng.TestNGProvider.invoke(TestNGProvider.java:106)
at sun.reflect.NativeMethodAccessorImpl.invoke0(Native Method)
at sun.reflect.NativeMethodAccessorImpl.invoke(NativeMethodAccessorImpl.java:62)
at sun.reflect.DelegatingMethodAccessorImpl.invoke(DelegatingMethodAccessorImpl.java:43)
at java.lang.reflect.Method.invoke(Method.java:497)
at org.apache.maven.surefire.util.ReflectionUtils.invokeMethodWithArray(ReflectionUtils.java:189)
at org.apache.maven.surefire.booter.ProviderFactory$ProviderProxy.invoke(ProviderFactory.java:165)
at org.apache.maven.surefire.booter.ProviderFactory.invokeProvider(ProviderFactory.java:85)
at org.apache.maven.surefire.booter.ForkedBooter.runSuitesInProcess(ForkedBooter.java:115)
at org.apache.maven.surefire.booter.ForkedBooter.main(ForkedBooter.java:75)
Caused by: com.mysql.jdbc.exceptions.jdbc4.MySQLSyntaxErrorException: Unknown column 'number_of_lessons' in 'field list'
at sun.reflect.NativeConstructorAccessorImpl.newInstance0(Native Method)
at sun.reflect.NativeConstructorAccessorImpl.newInstance(NativeConstructorAccessorImpl.java:62)
at sun.reflect.DelegatingConstructorAccessorImpl.newInstance(DelegatingConstructorAccessorImpl.java:45)
at java.lang.reflect.Constructor.newInstance(Constructor.java:422)
at com.mysql.jdbc.Util.handleNewInstance(Util.java:425)
at com.mysql.jdbc.Util.getInstance(Util.java:408)
at com.mysql.jdbc.SQLError.createSQLException(SQLError.java:944)
at com.mysql.jdbc.MysqlIO.checkErrorPacket(MysqlIO.java:3973)
at com.mysql.jdbc.MysqlIO.checkErrorPacket(MysqlIO.java:3909)
at com.mysql.jdbc.MysqlIO.sendCommand(MysqlIO.java:2527)
at com.mysql.jdbc.MysqlIO.sqlQueryDirect(MysqlIO.java:2680)
at com.mysql.jdbc.ConnectionImpl.execSQL(ConnectionImpl.java:2484)
at com.mysql.jdbc.PreparedStatement.executeInternal(PreparedStatement.java:1858)
at com.mysql.jdbc.PreparedStatement.executeUpdateInternal(PreparedStatement.java:2079)
at com.mysql.jdbc.PreparedStatement.executeUpdateInternal(PreparedStatement.java:2013)
at com.mysql.jdbc.PreparedStatement.executeLargeUpdate(PreparedStatement.java:5104)
at com.mysql.jdbc.PreparedStatement.executeUpdate(PreparedStatement.java:1998)
at com.tsyrulik.dmitry.model.dao.impl.OrderDAOImpl.createOrder(OrderDAOImpl.java:36)
... 36 more
]]>
            </full-stacktrace>
          </exception> <!-- com.tsyrulik.dmitry.model.exception.DAOFitnessException -->
          <reporter-output>
          </reporter-output>
        </test-method> <!-- testCreateDeleteOrder -->
      </class> <!-- com.tsyrulik.dmitry.model.dao.impl.OrderDAOImplTest -->
      <class name="com.tsyrulik.dmitry.model.dao.impl.ClientDAOImplTest">
        <test-method status="PASS" signature="setUp()[pri:0, instance:com.tsyrulik.dmitry.model.dao.impl.ClientDAOImplTest@3fb6a447]" name="setUp" is-config="true" duration-ms="1385" started-at="2018-03-17T10:57:54Z" finished-at="2018-03-17T10:57:56Z">
          <reporter-output>
          </reporter-output>
        </test-method> <!-- setUp -->
        <test-method status="PASS" signature="CreateAndDeleteClientTest()[pri:0, instance:com.tsyrulik.dmitry.model.dao.impl.ClientDAOImplTest@3fb6a447]" name="CreateAndDeleteClientTest" duration-ms="29" started-at="2018-03-17T10:57:56Z" finished-at="2018-03-17T10:57:56Z">
          <reporter-output>
          </reporter-output>
        </test-method> <!-- CreateAndDeleteClientTest -->
        <test-method status="PASS" signature="setUp()[pri:0, instance:com.tsyrulik.dmitry.model.dao.impl.ClientDAOImplTest@3fb6a447]" name="setUp" is-config="true" duration-ms="1" started-at="2018-03-17T10:57:56Z" finished-at="2018-03-17T10:57:56Z">
          <reporter-output>
          </reporter-output>
        </test-method> <!-- setUp -->
        <test-method status="PASS" signature="updateClientTest()[pri:0, instance:com.tsyrulik.dmitry.model.dao.impl.ClientDAOImplTest@3fb6a447]" name="updateClientTest" duration-ms="2" started-at="2018-03-17T10:57:56Z" finished-at="2018-03-17T10:57:56Z">
          <reporter-output>
          </reporter-output>
        </test-method> <!-- updateClientTest -->
      </class> <!-- com.tsyrulik.dmitry.model.dao.impl.ClientDAOImplTest -->
      <class name="com.tsyrulik.dmitry.model.util.MD5Test">
        <test-method status="PASS" signature="setUp()[pri:0, instance:com.tsyrulik.dmitry.model.util.MD5Test@73f792cf]" name="setUp" is-config="true" duration-ms="1" started-at="2018-03-17T10:57:56Z" finished-at="2018-03-17T10:57:56Z">
          <reporter-output>
          </reporter-output>
        </test-method> <!-- setUp -->
        <test-method status="PASS" signature="shouldEncryptString()[pri:0, instance:com.tsyrulik.dmitry.model.util.MD5Test@73f792cf]" name="shouldEncryptString" duration-ms="0" started-at="2018-03-17T10:57:56Z" finished-at="2018-03-17T10:57:56Z">
          <reporter-output>
          </reporter-output>
        </test-method> <!-- shouldEncryptString -->
      </class> <!-- com.tsyrulik.dmitry.model.util.MD5Test -->
    </test> <!-- Command line test -->
  </suite> <!-- Command line suite -->
</testng-results>
