<?xml version="1.0" encoding="UTF-8" ?>
<testsuite tests="10" failures="1" name="TestSuite" time="0.08" errors="0" skipped="0">
  <properties>
[...]
</properties>
  <testcase classname="com.tsyrulik.dmitry.model.dao.impl.ClientDAOImplTest" name="CreateAndDeleteClientTest" time="0.03"/>
  <testcase classname="com.tsyrulik.dmitry.model.dao.impl.ClientDAOImplTest" name="updateClientTest" time="0.002"/>
  <testcase classname="com.tsyrulik.dmitry.model.dao.impl.OrderDAOImplTest" name="testCreateDeleteOrder" time="0.01">
    <failure message="com.mysql.jdbc.exceptions.jdbc4.MySQLSyntaxErrorException: Unknown column &apos;number_of_lessons&apos; in &apos;field list&apos;" type="com.tsyrulik.dmitry.model.exception.DAOFitnessException">com.tsyrulik.dmitry.model.exception.DAOFitnessException: com.mysql.jdbc.exceptions.jdbc4.MySQLSyntaxErrorException: Unknown column &apos;number_of_lessons&apos; in &apos;field list&apos;
	at com.tsyrulik.dmitry.model.dao.impl.OrderDAOImpl.createOrder(OrderDAOImpl.java:39)
	at com.tsyrulik.dmitry.model.dao.impl.OrderDAOImplTest.testCreateDeleteOrder(OrderDAOImplTest.java:73)
Caused by: com.mysql.jdbc.exceptions.jdbc4.MySQLSyntaxErrorException: Unknown column &apos;number_of_lessons&apos; in &apos;field list&apos;
	at sun.reflect.NativeConstructorAccessorImpl.newInstance0(Native Method)
	at sun.reflect.NativeConstructorAccessorImpl.newInstance(NativeConstructorAccessorImpl.java:62)
	at sun.reflect.DelegatingConstructorAccessorImpl.newInstance(DelegatingConstructorAccessorImpl.java:45)
	at java.lang.reflect.Constructor.newInstance(Constructor.java:422)
	at com.mysql.jdbc.Util.handleNewInstance(Util.java:425)
	at com.mysql.jdbc.Util.getInstance(Util.java:408)
	at com.mysql.jdbc.SQLError.createSQLException(SQLError.java:944)
	at com.mysql.jdbc.MysqlIO.checkErrorPacket(MysqlIO.java:3973)
	at com.mysql.jdbc.MysqlIO.checkErrorPacket(MysqlIO.java:3909)
	at com.mysql.jdbc.MysqlIO.sendCommand(MysqlIO.java:2527)
	at com.mysql.jdbc.MysqlIO.sqlQueryDirect(MysqlIO.java:2680)
	at com.mysql.jdbc.ConnectionImpl.execSQL(ConnectionImpl.java:2484)
	at com.mysql.jdbc.PreparedStatement.executeInternal(PreparedStatement.java:1858)
	at com.mysql.jdbc.PreparedStatement.executeUpdateInternal(PreparedStatement.java:2079)
	at com.mysql.jdbc.PreparedStatement.executeUpdateInternal(PreparedStatement.java:2013)
	at com.mysql.jdbc.PreparedStatement.executeLargeUpdate(PreparedStatement.java:5104)
	at com.mysql.jdbc.PreparedStatement.executeUpdate(PreparedStatement.java:1998)
	at com.tsyrulik.dmitry.model.dao.impl.OrderDAOImpl.createOrder(OrderDAOImpl.java:36)
	... 36 more
</failure>
  </testcase>
  <testcase classname="com.tsyrulik.dmitry.model.dao.impl.TrainerDAOImplTest" name="createExercisesForClientTest" time="0.006"/>
  <testcase classname="com.tsyrulik.dmitry.model.dao.impl.TrainerDAOImplTest" name="testDeleteTrainer" time="0.023"/>
  <testcase classname="com.tsyrulik.dmitry.model.dao.impl.TrainerDAOImplTest" name="testUpdateTrainer" time="0.002"/>
  <testcase classname="com.tsyrulik.dmitry.model.dao.impl.UserDAOImplTest" name="createUser" time="0.004"/>
  <testcase classname="com.tsyrulik.dmitry.model.dao.impl.UserDAOImplTest" name="findUserByWrongUsernameOrPassword" time="0.002"/>
  <testcase classname="com.tsyrulik.dmitry.model.dao.impl.UserDAOImplTest" name="updateUserByUser" time="0.001"/>
  <testcase classname="com.tsyrulik.dmitry.model.util.MD5Test" name="shouldEncryptString" time="0"/>
</testsuite>